Determining if the function crc32c_value exists in the crc32c failed with the following output:
Change Dir: /home/zhangjie.tzhangj/leveldb/build/CMakeFiles/CMakeTmp

Run Build Command:"/usr/bin/make" "cmTC_bb7cb/fast"
/usr/bin/make -f CMakeFiles/cmTC_bb7cb.dir/build.make CMakeFiles/cmTC_bb7cb.dir/build
make[1]: Entering directory '/data00/home/zhangjie.tzhangj/leveldb/build/CMakeFiles/CMakeTmp'
Building C object CMakeFiles/cmTC_bb7cb.dir/CheckFunctionExists.c.o
/usr/bin/cc   -DCHECK_FUNCTION_EXISTS=crc32c_value   -std=c11 -o CMakeFiles/cmTC_bb7cb.dir/CheckFunctionExists.c.o   -c /data00/cmake-3.13.0/share/cmake-3.13/Modules/CheckFunctionExists.c
Linking C executable cmTC_bb7cb
/data00/cmake-3.13.0/bin/cmake -E cmake_link_script CMakeFiles/cmTC_bb7cb.dir/link.txt --verbose=1
/usr/bin/cc  -DCHECK_FUNCTION_EXISTS=crc32c_value    CMakeFiles/cmTC_bb7cb.dir/CheckFunctionExists.c.o  -o cmTC_bb7cb -lcrc32c 
/usr/bin/ld: cannot find -lcrc32c
collect2: error: ld returned 1 exit status
CMakeFiles/cmTC_bb7cb.dir/build.make:86: recipe for target 'cmTC_bb7cb' failed
make[1]: *** [cmTC_bb7cb] Error 1
make[1]: Leaving directory '/data00/home/zhangjie.tzhangj/leveldb/build/CMakeFiles/CMakeTmp'
Makefile:121: recipe for target 'cmTC_bb7cb/fast' failed
make: *** [cmTC_bb7cb/fast] Error 2


Determining if the function malloc exists in the tcmalloc failed with the following output:
Change Dir: /home/zhangjie.tzhangj/leveldb/build/CMakeFiles/CMakeTmp

Run Build Command:"/usr/bin/make" "cmTC_bf446/fast"
/usr/bin/make -f CMakeFiles/cmTC_bf446.dir/build.make CMakeFiles/cmTC_bf446.dir/build
make[1]: Entering directory '/data00/home/zhangjie.tzhangj/leveldb/build/CMakeFiles/CMakeTmp'
Building C object CMakeFiles/cmTC_bf446.dir/CheckFunctionExists.c.o
/usr/bin/cc   -DCHECK_FUNCTION_EXISTS=malloc   -std=c11 -o CMakeFiles/cmTC_bf446.dir/CheckFunctionExists.c.o   -c /data00/cmake-3.13.0/share/cmake-3.13/Modules/CheckFunctionExists.c
<command-line>:0:23: warning: conflicting types for built-in function ‘malloc’
/data00/cmake-3.13.0/share/cmake-3.13/Modules/CheckFunctionExists.c:7:3: note: in expansion of macro ‘CHECK_FUNCTION_EXISTS’
   CHECK_FUNCTION_EXISTS(void);
   ^~~~~~~~~~~~~~~~~~~~~
Linking C executable cmTC_bf446
/data00/cmake-3.13.0/bin/cmake -E cmake_link_script CMakeFiles/cmTC_bf446.dir/link.txt --verbose=1
/usr/bin/cc  -DCHECK_FUNCTION_EXISTS=malloc    CMakeFiles/cmTC_bf446.dir/CheckFunctionExists.c.o  -o cmTC_bf446 -ltcmalloc 
/usr/bin/ld: cannot find -ltcmalloc
collect2: error: ld returned 1 exit status
CMakeFiles/cmTC_bf446.dir/build.make:86: recipe for target 'cmTC_bf446' failed
make[1]: *** [cmTC_bf446] Error 1
make[1]: Leaving directory '/data00/home/zhangjie.tzhangj/leveldb/build/CMakeFiles/CMakeTmp'
Makefile:121: recipe for target 'cmTC_bf446/fast' failed
make: *** [cmTC_bf446/fast] Error 2


Determining if the F_FULLFSYNC exist failed with the following output:
Change Dir: /home/zhangjie.tzhangj/leveldb/build/CMakeFiles/CMakeTmp

Run Build Command:"/usr/bin/make" "cmTC_70902/fast"
/usr/bin/make -f CMakeFiles/cmTC_70902.dir/build.make CMakeFiles/cmTC_70902.dir/build
make[1]: Entering directory '/data00/home/zhangjie.tzhangj/leveldb/build/CMakeFiles/CMakeTmp'
Building CXX object CMakeFiles/cmTC_70902.dir/CheckSymbolExists.cxx.o
/usr/bin/c++    -std=c++11 -o CMakeFiles/cmTC_70902.dir/CheckSymbolExists.cxx.o -c /home/zhangjie.tzhangj/leveldb/build/CMakeFiles/CMakeTmp/CheckSymbolExists.cxx
/home/zhangjie.tzhangj/leveldb/build/CMakeFiles/CMakeTmp/CheckSymbolExists.cxx: In function ‘int main(int, char**)’:
/home/zhangjie.tzhangj/leveldb/build/CMakeFiles/CMakeTmp/CheckSymbolExists.cxx:8:19: error: ‘F_FULLFSYNC’ was not declared in this scope
   return ((int*)(&F_FULLFSYNC))[argc];
                   ^~~~~~~~~~~
CMakeFiles/cmTC_70902.dir/build.make:65: recipe for target 'CMakeFiles/cmTC_70902.dir/CheckSymbolExists.cxx.o' failed
make[1]: *** [CMakeFiles/cmTC_70902.dir/CheckSymbolExists.cxx.o] Error 1
make[1]: Leaving directory '/data00/home/zhangjie.tzhangj/leveldb/build/CMakeFiles/CMakeTmp'
Makefile:121: recipe for target 'cmTC_70902/fast' failed
make: *** [cmTC_70902/fast] Error 2

File /home/zhangjie.tzhangj/leveldb/build/CMakeFiles/CMakeTmp/CheckSymbolExists.cxx:
/* */
#include <fcntl.h>

int main(int argc, char** argv)
{
  (void)argv;
#ifndef F_FULLFSYNC
  return ((int*)(&F_FULLFSYNC))[argc];
#else
  (void)argc;
  return 0;
#endif
}

Performing C++ SOURCE FILE Test HAVE_CLANG_THREAD_SAFETY failed with the following output:
Change Dir: /home/zhangjie.tzhangj/leveldb/build/CMakeFiles/CMakeTmp

Run Build Command:"/usr/bin/make" "cmTC_62b28/fast"
/usr/bin/make -f CMakeFiles/cmTC_62b28.dir/build.make CMakeFiles/cmTC_62b28.dir/build
make[1]: Entering directory '/data00/home/zhangjie.tzhangj/leveldb/build/CMakeFiles/CMakeTmp'
Building CXX object CMakeFiles/cmTC_62b28.dir/src.cxx.o
/usr/bin/c++    -fno-exceptions -fno-rtti -DHAVE_CLANG_THREAD_SAFETY   -Wthread-safety -std=c++11 -o CMakeFiles/cmTC_62b28.dir/src.cxx.o -c /home/zhangjie.tzhangj/leveldb/build/CMakeFiles/CMakeTmp/src.cxx
c++: error: unrecognized command line option '-Wthread-safety'; did you mean '-fthread-jumps'?
CMakeFiles/cmTC_62b28.dir/build.make:65: recipe for target 'CMakeFiles/cmTC_62b28.dir/src.cxx.o' failed
make[1]: *** [CMakeFiles/cmTC_62b28.dir/src.cxx.o] Error 1
make[1]: Leaving directory '/data00/home/zhangjie.tzhangj/leveldb/build/CMakeFiles/CMakeTmp'
Makefile:121: recipe for target 'cmTC_62b28/fast' failed
make: *** [cmTC_62b28/fast] Error 2

Source file was:
int main() { return 0; }
Determining if the pthread_create exist failed with the following output:
Change Dir: /home/zhangjie.tzhangj/leveldb/build/CMakeFiles/CMakeTmp

Run Build Command:"/usr/bin/make" "cmTC_2b4dc/fast"
/usr/bin/make -f CMakeFiles/cmTC_2b4dc.dir/build.make CMakeFiles/cmTC_2b4dc.dir/build
make[1]: Entering directory '/data00/home/zhangjie.tzhangj/leveldb/build/CMakeFiles/CMakeTmp'
Building C object CMakeFiles/cmTC_2b4dc.dir/CheckSymbolExists.c.o
/usr/bin/cc   -Wstrict-prototypes    -std=c11 -o CMakeFiles/cmTC_2b4dc.dir/CheckSymbolExists.c.o   -c /home/zhangjie.tzhangj/leveldb/build/CMakeFiles/CMakeTmp/CheckSymbolExists.c
Linking C executable cmTC_2b4dc
/data00/cmake-3.13.0/bin/cmake -E cmake_link_script CMakeFiles/cmTC_2b4dc.dir/link.txt --verbose=1
/usr/bin/cc  -Wstrict-prototypes     CMakeFiles/cmTC_2b4dc.dir/CheckSymbolExists.c.o  -o cmTC_2b4dc 
CMakeFiles/cmTC_2b4dc.dir/CheckSymbolExists.c.o: In function `main':
CheckSymbolExists.c:(.text+0x1b): undefined reference to `pthread_create'
collect2: error: ld returned 1 exit status
CMakeFiles/cmTC_2b4dc.dir/build.make:86: recipe for target 'cmTC_2b4dc' failed
make[1]: *** [cmTC_2b4dc] Error 1
make[1]: Leaving directory '/data00/home/zhangjie.tzhangj/leveldb/build/CMakeFiles/CMakeTmp'
Makefile:121: recipe for target 'cmTC_2b4dc/fast' failed
make: *** [cmTC_2b4dc/fast] Error 2

File /home/zhangjie.tzhangj/leveldb/build/CMakeFiles/CMakeTmp/CheckSymbolExists.c:
/* */
#include <pthread.h>

int main(int argc, char** argv)
{
  (void)argv;
#ifndef pthread_create
  return ((int*)(&pthread_create))[argc];
#else
  (void)argc;
  return 0;
#endif
}

Determining if the function pthread_create exists in the pthreads failed with the following output:
Change Dir: /home/zhangjie.tzhangj/leveldb/build/CMakeFiles/CMakeTmp

Run Build Command:"/usr/bin/make" "cmTC_dc840/fast"
/usr/bin/make -f CMakeFiles/cmTC_dc840.dir/build.make CMakeFiles/cmTC_dc840.dir/build
make[1]: Entering directory '/data00/home/zhangjie.tzhangj/leveldb/build/CMakeFiles/CMakeTmp'
Building C object CMakeFiles/cmTC_dc840.dir/CheckFunctionExists.c.o
/usr/bin/cc   -Wstrict-prototypes -DCHECK_FUNCTION_EXISTS=pthread_create   -std=c11 -o CMakeFiles/cmTC_dc840.dir/CheckFunctionExists.c.o   -c /data00/cmake-3.13.0/share/cmake-3.13/Modules/CheckFunctionExists.c
Linking C executable cmTC_dc840
/data00/cmake-3.13.0/bin/cmake -E cmake_link_script CMakeFiles/cmTC_dc840.dir/link.txt --verbose=1
/usr/bin/cc  -Wstrict-prototypes -DCHECK_FUNCTION_EXISTS=pthread_create    CMakeFiles/cmTC_dc840.dir/CheckFunctionExists.c.o  -o cmTC_dc840 -lpthreads 
/usr/bin/ld: cannot find -lpthreads
collect2: error: ld returned 1 exit status
CMakeFiles/cmTC_dc840.dir/build.make:86: recipe for target 'cmTC_dc840' failed
make[1]: *** [cmTC_dc840] Error 1
make[1]: Leaving directory '/data00/home/zhangjie.tzhangj/leveldb/build/CMakeFiles/CMakeTmp'
Makefile:121: recipe for target 'cmTC_dc840/fast' failed
make: *** [cmTC_dc840/fast] Error 2


Performing C++ SOURCE FILE Test HAVE_CXX_FLAG_WSHORTEN_64_TO_32 failed with the following output:
Change Dir: /home/zhangjie.tzhangj/leveldb/build/CMakeFiles/CMakeTmp

Run Build Command:"/usr/bin/make" "cmTC_b2209/fast"
/usr/bin/make -f CMakeFiles/cmTC_b2209.dir/build.make CMakeFiles/cmTC_b2209.dir/build
make[1]: Entering directory '/data00/home/zhangjie.tzhangj/leveldb/build/CMakeFiles/CMakeTmp'
Building CXX object CMakeFiles/cmTC_b2209.dir/src.cxx.o
/usr/bin/c++    -fno-exceptions -fno-rtti  -std=c++11  -Wall  -Wextra  -Wshadow -DHAVE_CXX_FLAG_WSHORTEN_64_TO_32  -Wshorten-64-to-32   -Wshorten-64-to-32 -std=c++11 -o CMakeFiles/cmTC_b2209.dir/src.cxx.o -c /home/zhangjie.tzhangj/leveldb/build/CMakeFiles/CMakeTmp/src.cxx
c++: error: unrecognized command line option '-Wshorten-64-to-32'
c++: error: unrecognized command line option '-Wshorten-64-to-32'
CMakeFiles/cmTC_b2209.dir/build.make:65: recipe for target 'CMakeFiles/cmTC_b2209.dir/src.cxx.o' failed
make[1]: *** [CMakeFiles/cmTC_b2209.dir/src.cxx.o] Error 1
make[1]: Leaving directory '/data00/home/zhangjie.tzhangj/leveldb/build/CMakeFiles/CMakeTmp'
Makefile:121: recipe for target 'cmTC_b2209/fast' failed
make: *** [cmTC_b2209/fast] Error 2

Source file was:
int main() { return 0; }
Performing C++ SOURCE FILE Test HAVE_CXX_FLAG_WD654 failed with the following output:
Change Dir: /home/zhangjie.tzhangj/leveldb/build/CMakeFiles/CMakeTmp

Run Build Command:"/usr/bin/make" "cmTC_f97a5/fast"
/usr/bin/make -f CMakeFiles/cmTC_f97a5.dir/build.make CMakeFiles/cmTC_f97a5.dir/build
make[1]: Entering directory '/data00/home/zhangjie.tzhangj/leveldb/build/CMakeFiles/CMakeTmp'
Building CXX object CMakeFiles/cmTC_f97a5.dir/src.cxx.o
/usr/bin/c++    -fno-exceptions -fno-rtti  -std=c++11  -Wall  -Wextra  -Wshadow  -fstrict-aliasing  -Wno-deprecated-declarations  -fno-exceptions  -Wstrict-aliasing -DHAVE_CXX_FLAG_WD654  -wd654   -wd654 -std=c++11 -o CMakeFiles/cmTC_f97a5.dir/src.cxx.o -c /home/zhangjie.tzhangj/leveldb/build/CMakeFiles/CMakeTmp/src.cxx
c++: error: unrecognized command line option '-wd654'
c++: error: unrecognized command line option '-wd654'
CMakeFiles/cmTC_f97a5.dir/build.make:65: recipe for target 'CMakeFiles/cmTC_f97a5.dir/src.cxx.o' failed
make[1]: *** [CMakeFiles/cmTC_f97a5.dir/src.cxx.o] Error 1
make[1]: Leaving directory '/data00/home/zhangjie.tzhangj/leveldb/build/CMakeFiles/CMakeTmp'
Makefile:121: recipe for target 'cmTC_f97a5/fast' failed
make: *** [cmTC_f97a5/fast] Error 2

Source file was:
int main() { return 0; }
Performing C++ SOURCE FILE Test HAVE_CXX_FLAG_WTHREAD_SAFETY failed with the following output:
Change Dir: /home/zhangjie.tzhangj/leveldb/build/CMakeFiles/CMakeTmp

Run Build Command:"/usr/bin/make" "cmTC_12a7c/fast"
/usr/bin/make -f CMakeFiles/cmTC_12a7c.dir/build.make CMakeFiles/cmTC_12a7c.dir/build
make[1]: Entering directory '/data00/home/zhangjie.tzhangj/leveldb/build/CMakeFiles/CMakeTmp'
Building CXX object CMakeFiles/cmTC_12a7c.dir/src.cxx.o
/usr/bin/c++    -fno-exceptions -fno-rtti  -std=c++11  -Wall  -Wextra  -Wshadow  -fstrict-aliasing  -Wno-deprecated-declarations  -fno-exceptions  -Wstrict-aliasing -DHAVE_CXX_FLAG_WTHREAD_SAFETY  -Wthread-safety   -Wthread-safety -std=c++11 -o CMakeFiles/cmTC_12a7c.dir/src.cxx.o -c /home/zhangjie.tzhangj/leveldb/build/CMakeFiles/CMakeTmp/src.cxx
c++: error: unrecognized command line option '-Wthread-safety'; did you mean '-fthread-jumps'?
c++: error: unrecognized command line option '-Wthread-safety'; did you mean '-fthread-jumps'?
CMakeFiles/cmTC_12a7c.dir/build.make:65: recipe for target 'CMakeFiles/cmTC_12a7c.dir/src.cxx.o' failed
make[1]: *** [CMakeFiles/cmTC_12a7c.dir/src.cxx.o] Error 1
make[1]: Leaving directory '/data00/home/zhangjie.tzhangj/leveldb/build/CMakeFiles/CMakeTmp'
Makefile:121: recipe for target 'cmTC_12a7c/fast' failed
make: *** [cmTC_12a7c/fast] Error 2

Source file was:
int main() { return 0; }
Determining if the function sqlite3_open exists in the sqlite3 failed with the following output:
Change Dir: /home/zhangjie.tzhangj/leveldb/build/CMakeFiles/CMakeTmp

Run Build Command:"/usr/bin/make" "cmTC_6e44b/fast"
/usr/bin/make -f CMakeFiles/cmTC_6e44b.dir/build.make CMakeFiles/cmTC_6e44b.dir/build
make[1]: Entering directory '/data00/home/zhangjie.tzhangj/leveldb/build/CMakeFiles/CMakeTmp'
Building C object CMakeFiles/cmTC_6e44b.dir/CheckFunctionExists.c.o
/usr/bin/cc   -Wstrict-prototypes -DCHECK_FUNCTION_EXISTS=sqlite3_open   -std=c11 -o CMakeFiles/cmTC_6e44b.dir/CheckFunctionExists.c.o   -c /data00/cmake-3.13.0/share/cmake-3.13/Modules/CheckFunctionExists.c
Linking C executable cmTC_6e44b
/data00/cmake-3.13.0/bin/cmake -E cmake_link_script CMakeFiles/cmTC_6e44b.dir/link.txt --verbose=1
/usr/bin/cc  -Wstrict-prototypes -DCHECK_FUNCTION_EXISTS=sqlite3_open    CMakeFiles/cmTC_6e44b.dir/CheckFunctionExists.c.o  -o cmTC_6e44b -lsqlite3 
/usr/bin/ld: cannot find -lsqlite3
collect2: error: ld returned 1 exit status
CMakeFiles/cmTC_6e44b.dir/build.make:86: recipe for target 'cmTC_6e44b' failed
make[1]: *** [cmTC_6e44b] Error 1
make[1]: Leaving directory '/data00/home/zhangjie.tzhangj/leveldb/build/CMakeFiles/CMakeTmp'
Makefile:121: recipe for target 'cmTC_6e44b/fast' failed
make: *** [cmTC_6e44b/fast] Error 2


Performing C++ SOURCE FILE Test HAVE_KYOTOCABINET failed with the following output:
Change Dir: /home/zhangjie.tzhangj/leveldb/build/CMakeFiles/CMakeTmp

Run Build Command:"/usr/bin/make" "cmTC_41434/fast"
/usr/bin/make -f CMakeFiles/cmTC_41434.dir/build.make CMakeFiles/cmTC_41434.dir/build
make[1]: Entering directory '/data00/home/zhangjie.tzhangj/leveldb/build/CMakeFiles/CMakeTmp'
Building CXX object CMakeFiles/cmTC_41434.dir/src.cxx.o
/usr/bin/c++    -fno-exceptions -fno-rtti -DHAVE_KYOTOCABINET   -std=c++11 -o CMakeFiles/cmTC_41434.dir/src.cxx.o -c /home/zhangjie.tzhangj/leveldb/build/CMakeFiles/CMakeTmp/src.cxx
/home/zhangjie.tzhangj/leveldb/build/CMakeFiles/CMakeTmp/src.cxx:2:22: fatal error: kcpolydb.h: No such file or directory
 #include <kcpolydb.h>
                      ^
compilation terminated.
CMakeFiles/cmTC_41434.dir/build.make:65: recipe for target 'CMakeFiles/cmTC_41434.dir/src.cxx.o' failed
make[1]: *** [CMakeFiles/cmTC_41434.dir/src.cxx.o] Error 1
make[1]: Leaving directory '/data00/home/zhangjie.tzhangj/leveldb/build/CMakeFiles/CMakeTmp'
Makefile:121: recipe for target 'cmTC_41434/fast' failed
make: *** [cmTC_41434/fast] Error 2

Source file was:

#include <kcpolydb.h>

int main() {
  kyotocabinet::TreeDB* db = new kyotocabinet::TreeDB();
  delete db;
  return 0;
}
  
